2013-08-12 10:58:52,846 [output] To execute this script manually, run this:
2013-08-12 10:58:52,846 [output] /home/josh/Projects/turbo-hipster.repo/turbo_hipster/task_plugins/gate_real_db_upgrade/nova_mysql_migrations.sh 2ecb70394e37425381d48f3145a4b77e /home/josh/var/lib/turbo-hipster/jobs/2ecb70394e37425381d48f3145a4b77e /home/josh/var/lib/turbo-hipster/git/sql-migrate-test-runner-rackspace-desktop/openstack/nova nova tester nova /home/josh/Projects/turbo-hipster.repo/turbo_hipster/task_plugins/gate_real_db_upgrade/datasets/some_dataset_example /home/josh/var/cache/pip
2013-08-12 10:58:52,846 [output] Restoring test database nova
2013-08-12 10:58:52,846 [output] + mysql -u root -e 'drop database nova'
2013-08-12 10:58:53,294 [output] + mysql -u root -e 'create database nova'
2013-08-12 10:58:53,296 [output] + mysql -u root -e 'create user '\''nova'\''@'\''localhost'\'' identified by '\''tester'\'';'
2013-08-12 10:58:53,298 [output] ERROR 1396 (HY000) at line 1: Operation CREATE USER failed for 'nova'@'localhost'
2013-08-12 10:58:53,298 [output] + mysql -u root -e 'grant all privileges on nova.* TO '\''nova'\''@'\''localhost'\'';'
2013-08-12 10:58:53,300 [output] + mysql -u nova --password=tester nova
2013-08-12 10:58:54,938 [output] + set +x
2013-08-12 10:58:54,938 [output] Build test environment
2013-08-12 10:58:54,938 [output] Setting up virtual env
2013-08-12 10:58:55,067 [output] New python executable in 2ecb70394e37425381d48f3145a4b77e/bin/python
2013-08-12 10:58:55,426 [output] Installing distribute...........................................................................................................................................................................................................................done.
2013-08-12 10:58:55,598 [output] Installing pip................done.
2013-08-12 10:58:55,667 [output] virtualenvwrapper.user_scripts creating /home/josh/.virtualenvs/2ecb70394e37425381d48f3145a4b77e/bin/predeactivate
2013-08-12 10:58:55,667 [output] virtualenvwrapper.user_scripts creating /home/josh/.virtualenvs/2ecb70394e37425381d48f3145a4b77e/bin/postdeactivate
2013-08-12 10:58:55,667 [output] virtualenvwrapper.user_scripts creating /home/josh/.virtualenvs/2ecb70394e37425381d48f3145a4b77e/bin/preactivate
2013-08-12 10:58:55,667 [output] virtualenvwrapper.user_scripts creating /home/josh/.virtualenvs/2ecb70394e37425381d48f3145a4b77e/bin/postactivate
2013-08-12 10:58:55,667 [output] virtualenvwrapper.user_scripts creating /home/josh/.virtualenvs/2ecb70394e37425381d48f3145a4b77e/bin/get_env_details
2013-08-12 10:58:55,904 [output] Schema version is 200
2013-08-12 10:58:55,949 [output] Switched to a new branch 'working'
2013-08-12 10:58:55,955 [output] Update database to current state of trunk
2013-08-12 10:58:55,968 [output] Switched to branch 'master'
2013-08-12 10:58:57,645 [output] Install pip requirements from requirements.txt
2013-08-12 10:59:22,845 [heartbeat]
2013-08-12 10:59:52,845 [heartbeat]
2013-08-12 11:00:22,845 [heartbeat]
2013-08-12 11:00:52,845 [heartbeat]
2013-08-12 11:01:22,845 [heartbeat]
2013-08-12 11:01:23,200 [syslog] Aug 12 11:01:23 rackspace-desktop kernel: [ 5942.123813] survey done event(a)
2013-08-12 11:01:52,845 [heartbeat]
2013-08-12 11:02:01,513 [output] Requirements installed
2013-08-12 11:02:01,521 [output] + nova_manage=/home/josh/var/lib/turbo-hipster/git/sql-migrate-test-runner-rackspace-desktop/openstack/nova/bin/nova-manage
2013-08-12 11:02:01,521 [output] + '[' -e /home/josh/var/lib/turbo-hipster/git/sql-migrate-test-runner-rackspace-desktop/openstack/nova/bin/nova-manage ']'
2013-08-12 11:02:01,521 [output] + python setup.py -q clean
2013-08-12 11:02:01,651 [output] + python setup.py -q develop
2013-08-12 11:02:01,819 [output] warning: no files found matching 'AUTHORS'
2013-08-12 11:02:01,821 [output] warning: no files found matching 'ChangeLog'
2013-08-12 11:02:01,831 [output] warning: no previously-included files matching '*.pyc' found anywhere in distribution
2013-08-12 11:02:01,836 [output] warning: no files found matching 'AUTHORS'
2013-08-12 11:02:01,838 [output] warning: no files found matching 'ChangeLog'
2013-08-12 11:02:01,840 [output] warning: no previously-included files found matching '.gitignore'
2013-08-12 11:02:01,842 [output] warning: no previously-included files found matching '.gitreview'
2013-08-12 11:02:01,848 [output] warning: no previously-included files matching '*.pyc' found anywhere in distribution
2013-08-12 11:02:01,894 [output] + python setup.py -q install
2013-08-12 11:02:02,078 [output] Requirement already satisfied (use --upgrade to upgrade): d2to1>=0.2.10,<0.3 in /home/josh/.virtualenvs/2ecb70394e37425381d48f3145a4b77e/lib/python2.7/site-packages
2013-08-12 11:02:02,078 [output] Requirement already satisfied (use --upgrade to upgrade): pbr>=0.5.16,<0.6 in /home/josh/.virtualenvs/2ecb70394e37425381d48f3145a4b77e/lib/python2.7/site-packages
2013-08-12 11:02:02,078 [output] Requirement already satisfied (use --upgrade to upgrade): SQLAlchemy>=0.7.8,<0.7.99 in /home/josh/.virtualenvs/2ecb70394e37425381d48f3145a4b77e/lib/python2.7/site-packages
2013-08-12 11:02:02,078 [output] Requirement already satisfied (use --upgrade to upgrade): Cheetah>=2.4.4 in /home/josh/.virtualenvs/2ecb70394e37425381d48f3145a4b77e/lib/python2.7/site-packages
2013-08-12 11:02:02,078 [output] Requirement already satisfied (use --upgrade to upgrade): amqplib>=0.6.1 in /home/josh/.virtualenvs/2ecb70394e37425381d48f3145a4b77e/lib/python2.7/site-packages
2013-08-12 11:02:02,078 [output] Requirement already satisfied (use --upgrade to upgrade): anyjson>=0.2.4 in /home/josh/.virtualenvs/2ecb70394e37425381d48f3145a4b77e/lib/python2.7/site-packages
2013-08-12 11:02:02,078 [output] Requirement already satisfied (use --upgrade to upgrade): boto in /home/josh/.virtualenvs/2ecb70394e37425381d48f3145a4b77e/lib/python2.7/site-packages
2013-08-12 11:02:02,078 [output] Requirement already satisfied (use --upgrade to upgrade): eventlet>=0.9.17 in /home/josh/.virtualenvs/2ecb70394e37425381d48f3145a4b77e/lib/python2.7/site-packages
2013-08-12 11:02:02,078 [output] Requirement already satisfied (use --upgrade to upgrade): kombu>=1.0.4 in /home/josh/.virtualenvs/2ecb70394e37425381d48f3145a4b77e/lib/python2.7/site-packages
2013-08-12 11:02:02,078 [output] Requirement already satisfied (use --upgrade to upgrade): lxml>=2.3 in /home/josh/.virtualenvs/2ecb70394e37425381d48f3145a4b77e/lib/python2.7/site-packages
2013-08-12 11:02:02,078 [output] Requirement already satisfied (use --upgrade to upgrade): routes>=1.12.3 in /home/josh/.virtualenvs/2ecb70394e37425381d48f3145a4b77e/lib/python2.7/site-packages
2013-08-12 11:02:02,078 [output] Requirement already satisfied (use --upgrade to upgrade): WebOb==1.2.3 in /home/josh/.virtualenvs/2ecb70394e37425381d48f3145a4b77e/lib/python2.7/site-packages
2013-08-12 11:02:02,078 [output] Requirement already satisfied (use --upgrade to upgrade): greenlet>=0.3.1 in /home/josh/.virtualenvs/2ecb70394e37425381d48f3145a4b77e/lib/python2.7/site-packages
2013-08-12 11:02:02,079 [output] Requirement already satisfied (use --upgrade to upgrade): PasteDeploy>=1.5.0 in /home/josh/.virtualenvs/2ecb70394e37425381d48f3145a4b77e/lib/python2.7/site-packages
2013-08-12 11:02:02,079 [output] Requirement already satisfied (use --upgrade to upgrade): paste in /home/josh/.virtualenvs/2ecb70394e37425381d48f3145a4b77e/lib/python2.7/site-packages
2013-08-12 11:02:02,079 [output] Requirement already satisfied (use --upgrade to upgrade): sqlalchemy-migrate>=0.7.2 in /home/josh/.virtualenvs/2ecb70394e37425381d48f3145a4b77e/lib/python2.7/site-packages
2013-08-12 11:02:02,079 [output] Requirement already satisfied (use --upgrade to upgrade): netaddr>=0.7.6 in /home/josh/.virtualenvs/2ecb70394e37425381d48f3145a4b77e/lib/python2.7/site-packages
2013-08-12 11:02:02,079 [output] Requirement already satisfied (use --upgrade to upgrade): suds>=0.4 in /home/josh/.virtualenvs/2ecb70394e37425381d48f3145a4b77e/lib/python2.7/site-packages
2013-08-12 11:02:02,079 [output] Requirement already satisfied (use --upgrade to upgrade): paramiko in /home/josh/.virtualenvs/2ecb70394e37425381d48f3145a4b77e/lib/python2.7/site-packages
2013-08-12 11:02:02,079 [output] Requirement already satisfied (use --upgrade to upgrade): pyasn1 in /home/josh/.virtualenvs/2ecb70394e37425381d48f3145a4b77e/lib/python2.7/site-packages
2013-08-12 11:02:02,079 [output] Requirement already satisfied (use --upgrade to upgrade): Babel>=0.9.6 in /home/josh/.virtualenvs/2ecb70394e37425381d48f3145a4b77e/lib/python2.7/site-packages
2013-08-12 11:02:02,079 [output] Requirement already satisfied (use --upgrade to upgrade): iso8601>=0.1.4 in /home/josh/.virtualenvs/2ecb70394e37425381d48f3145a4b77e/lib/python2.7/site-packages
2013-08-12 11:02:02,079 [output] Requirement already satisfied (use --upgrade to upgrade): python-cinderclient>=1.0.1 in /home/josh/.virtualenvs/2ecb70394e37425381d48f3145a4b77e/lib/python2.7/site-packages
2013-08-12 11:02:02,079 [output] Requirement already satisfied (use --upgrade to upgrade): python-neutronclient>=2.2.3,<3.0.0 in /home/josh/.virtualenvs/2ecb70394e37425381d48f3145a4b77e/lib/python2.7/site-packages
2013-08-12 11:02:02,079 [output] Requirement already satisfied (use --upgrade to upgrade): python-glanceclient>=0.9.0 in /home/josh/.virtualenvs/2ecb70394e37425381d48f3145a4b77e/lib/python2.7/site-packages
2013-08-12 11:02:02,081 [output] Requirement already satisfied (use --upgrade to upgrade): python-keystoneclient>=0.2.0 in /home/josh/.virtualenvs/2ecb70394e37425381d48f3145a4b77e/lib/python2.7/site-packages
2013-08-12 11:02:02,081 [output] Requirement already satisfied (use --upgrade to upgrade): six in /home/josh/.virtualenvs/2ecb70394e37425381d48f3145a4b77e/lib/python2.7/site-packages
2013-08-12 11:02:02,081 [output] Requirement already satisfied (use --upgrade to upgrade): stevedore>=0.10 in /home/josh/.virtualenvs/2ecb70394e37425381d48f3145a4b77e/lib/python2.7/site-packages
2013-08-12 11:02:02,081 [output] Requirement already satisfied (use --upgrade to upgrade): websockify<0.4 in /home/josh/.virtualenvs/2ecb70394e37425381d48f3145a4b77e/lib/python2.7/site-packages
2013-08-12 11:02:02,081 [output] Requirement already satisfied (use --upgrade to upgrade): pyparsing>=1.5.7,<2.0 in /home/josh/.virtualenvs/2ecb70394e37425381d48f3145a4b77e/lib/python2.7/site-packages
2013-08-12 11:02:02,081 [output] Requirement already satisfied (use --upgrade to upgrade): oslo.config>=1.2.0a3 in /home/josh/.virtualenvs/2ecb70394e37425381d48f3145a4b77e/lib/python2.7/site-packages
2013-08-12 11:02:02,081 [output] Requirement already satisfied (use --upgrade to upgrade): distribute in /home/josh/.virtualenvs/2ecb70394e37425381d48f3145a4b77e/lib/python2.7/site-packages/distribute-0.6.34-py2.7.egg (from d2to1>=0.2.10,<0.3)
2013-08-12 11:02:02,082 [output] Requirement already satisfied (use --upgrade to upgrade): pip>=1.0 in /home/josh/.virtualenvs/2ecb70394e37425381d48f3145a4b77e/lib/python2.7/site-packages/pip-1.3.1-py2.7.egg (from pbr>=0.5.16,<0.6)
2013-08-12 11:02:02,082 [output] Requirement already satisfied (use --upgrade to upgrade): Markdown>=2.0.1 in /home/josh/.virtualenvs/2ecb70394e37425381d48f3145a4b77e/lib/python2.7/site-packages (from Cheetah>=2.4.4)
2013-08-12 11:02:02,082 [output] Requirement already satisfied (use --upgrade to upgrade): amqp>=1.0.12,<1.1.0 in /home/josh/.virtualenvs/2ecb70394e37425381d48f3145a4b77e/lib/python2.7/site-packages (from kombu>=1.0.4)
2013-08-12 11:02:02,082 [output] Requirement already satisfied (use --upgrade to upgrade): repoze.lru>=0.3 in /home/josh/.virtualenvs/2ecb70394e37425381d48f3145a4b77e/lib/python2.7/site-packages (from routes>=1.12.3)
2013-08-12 11:02:02,082 [output] Requirement already satisfied (use --upgrade to upgrade): decorator in /home/josh/.virtualenvs/2ecb70394e37425381d48f3145a4b77e/lib/python2.7/site-packages (from sqlalchemy-migrate>=0.7.2)
2013-08-12 11:02:02,082 [output] Requirement already satisfied (use --upgrade to upgrade): Tempita>=0.4 in /home/josh/.virtualenvs/2ecb70394e37425381d48f3145a4b77e/lib/python2.7/site-packages (from sqlalchemy-migrate>=0.7.2)
2013-08-12 11:02:02,082 [output] Requirement already satisfied (use --upgrade to upgrade): pycrypto>=2.1,!=2.4 in /home/josh/.virtualenvs/2ecb70394e37425381d48f3145a4b77e/lib/python2.7/site-packages (from paramiko)
2013-08-12 11:02:02,082 [output] Requirement already satisfied (use --upgrade to upgrade): pytz>=0a in /home/josh/.virtualenvs/2ecb70394e37425381d48f3145a4b77e/lib/python2.7/site-packages (from Babel>=0.9.6)
2013-08-12 11:02:02,082 [output] Requirement already satisfied (use --upgrade to upgrade): PrettyTable>=0.6,<0.8 in /home/josh/.virtualenvs/2ecb70394e37425381d48f3145a4b77e/lib/python2.7/site-packages (from python-cinderclient>=1.0.1)
2013-08-12 11:02:02,082 [output] Requirement already satisfied (use --upgrade to upgrade): requests>=1.1,<1.2.3 in /home/josh/.virtualenvs/2ecb70394e37425381d48f3145a4b77e/lib/python2.7/site-packages (from python-cinderclient>=1.0.1)
2013-08-12 11:02:02,082 [output] Requirement already satisfied (use --upgrade to upgrade): simplejson>=2.0.9 in /home/josh/.virtualenvs/2ecb70394e37425381d48f3145a4b77e/lib/python2.7/site-packages (from python-cinderclient>=1.0.1)
2013-08-12 11:02:02,082 [output] Requirement already satisfied (use --upgrade to upgrade): cliff>=1.4 in /home/josh/.virtualenvs/2ecb70394e37425381d48f3145a4b77e/lib/python2.7/site-packages (from python-neutronclient>=2.2.3,<3.0.0)
2013-08-12 11:02:02,082 [output] Requirement already satisfied (use --upgrade to upgrade): httplib2 in /home/josh/.virtualenvs/2ecb70394e37425381d48f3145a4b77e/lib/python2.7/site-packages (from python-neutronclient>=2.2.3,<3.0.0)
2013-08-12 11:02:02,082 [output] Requirement already satisfied (use --upgrade to upgrade): pyOpenSSL in /home/josh/.virtualenvs/2ecb70394e37425381d48f3145a4b77e/lib/python2.7/site-packages (from python-glanceclient>=0.9.0)
2013-08-12 11:02:02,082 [output] Requirement already satisfied (use --upgrade to upgrade): warlock>=0.7.0,<2 in /home/josh/.virtualenvs/2ecb70394e37425381d48f3145a4b77e/lib/python2.7/site-packages (from python-glanceclient>=0.9.0)
2013-08-12 11:02:02,086 [output] Requirement already satisfied (use --upgrade to upgrade): numpy in /home/josh/.virtualenvs/2ecb70394e37425381d48f3145a4b77e/lib/python2.7/site-packages (from websockify<0.4)
2013-08-12 11:02:02,086 [output] Requirement already satisfied (use --upgrade to upgrade): cmd2>=0.6.4 in /home/josh/.virtualenvs/2ecb70394e37425381d48f3145a4b77e/lib/python2.7/site-packages (from cliff>=1.4->python-neutronclient>=2.2.3,<3.0.0)
2013-08-12 11:02:02,086 [output] Requirement already satisfied (use --upgrade to upgrade): jsonschema>=0.7,<3 in /home/josh/.virtualenvs/2ecb70394e37425381d48f3145a4b77e/lib/python2.7/site-packages (from warlock>=0.7.0,<2->python-glanceclient>=0.9.0)
2013-08-12 11:02:02,086 [output] Requirement already satisfied (use --upgrade to upgrade): jsonpatch>=0.10,<2 in /home/josh/.virtualenvs/2ecb70394e37425381d48f3145a4b77e/lib/python2.7/site-packages (from warlock>=0.7.0,<2->python-glanceclient>=0.9.0)
2013-08-12 11:02:02,086 [output] Requirement already satisfied (use --upgrade to upgrade): jsonpointer>=1.0 in /home/josh/.virtualenvs/2ecb70394e37425381d48f3145a4b77e/lib/python2.7/site-packages (from jsonpatch>=0.10,<2->warlock>=0.7.0,<2->python-glanceclient>=0.9.0)
2013-08-12 11:02:02,086 [output] Cleaning up...
2013-08-12 11:02:03,697 [output] + echo '***** DB upgrade to state of trunk starts *****'
2013-08-12 11:02:03,697 [output] ***** DB upgrade to state of trunk starts *****
2013-08-12 11:02:03,697 [output] + nova-manage --config-file /home/josh/var/lib/turbo-hipster/jobs/2ecb70394e37425381d48f3145a4b77e/nova-trunk.conf db sync
2013-08-12 11:02:04,098 [output] 200 -> 201... 
2013-08-12 11:02:04,126 [output] done
2013-08-12 11:02:04,126 [output] 201 -> 202... 
2013-08-12 11:02:04,277 [output] done
2013-08-12 11:02:04,278 [output] 202 -> 203... 
2013-08-12 11:02:04,514 [output] done
2013-08-12 11:02:04,514 [output] 203 -> 204... 
2013-08-12 11:02:04,541 [output] done
2013-08-12 11:02:04,541 [output] 204 -> 205... 
2013-08-12 11:02:04,598 [output] done
2013-08-12 11:02:04,598 [output] 205 -> 206... 
2013-08-12 11:02:04,663 [output] done
2013-08-12 11:02:04,735 [output] + echo '***** DB upgrade to state of trunk finished *****'
2013-08-12 11:02:04,736 [output] ***** DB upgrade to state of trunk finished *****
2013-08-12 11:02:04,736 [output] + set +x
2013-08-12 11:02:04,748 [output] Switched to branch 'working'
2013-08-12 11:02:04,748 [output] Now test the patchset
2013-08-12 11:02:04,809 [output] Install pip requirements from requirements.txt
2013-08-12 11:02:04,876 [output] Requirements installed
2013-08-12 11:02:04,936 [output] + nova_manage=/home/josh/var/lib/turbo-hipster/git/sql-migrate-test-runner-rackspace-desktop/openstack/nova/bin/nova-manage
2013-08-12 11:02:04,937 [output] + '[' -e /home/josh/var/lib/turbo-hipster/git/sql-migrate-test-runner-rackspace-desktop/openstack/nova/bin/nova-manage ']'
2013-08-12 11:02:04,937 [output] + python setup.py -q clean
2013-08-12 11:02:05,064 [output] + python setup.py -q develop
2013-08-12 11:02:05,239 [output] + python setup.py -q install
2013-08-12 11:02:05,441 [output] Requirement already satisfied (use --upgrade to upgrade): d2to1>=0.2.10,<0.3 in /home/josh/.virtualenvs/2ecb70394e37425381d48f3145a4b77e/lib/python2.7/site-packages
2013-08-12 11:02:05,441 [output] Requirement already satisfied (use --upgrade to upgrade): pbr>=0.5.16,<0.6 in /home/josh/.virtualenvs/2ecb70394e37425381d48f3145a4b77e/lib/python2.7/site-packages
2013-08-12 11:02:05,441 [output] Requirement already satisfied (use --upgrade to upgrade): SQLAlchemy>=0.7.8,<0.7.99 in /home/josh/.virtualenvs/2ecb70394e37425381d48f3145a4b77e/lib/python2.7/site-packages
2013-08-12 11:02:05,441 [output] Requirement already satisfied (use --upgrade to upgrade): Cheetah>=2.4.4 in /home/josh/.virtualenvs/2ecb70394e37425381d48f3145a4b77e/lib/python2.7/site-packages
2013-08-12 11:02:05,441 [output] Requirement already satisfied (use --upgrade to upgrade): amqplib>=0.6.1 in /home/josh/.virtualenvs/2ecb70394e37425381d48f3145a4b77e/lib/python2.7/site-packages
2013-08-12 11:02:05,441 [output] Requirement already satisfied (use --upgrade to upgrade): anyjson>=0.2.4 in /home/josh/.virtualenvs/2ecb70394e37425381d48f3145a4b77e/lib/python2.7/site-packages
2013-08-12 11:02:05,442 [output] Requirement already satisfied (use --upgrade to upgrade): boto in /home/josh/.virtualenvs/2ecb70394e37425381d48f3145a4b77e/lib/python2.7/site-packages
2013-08-12 11:02:05,442 [output] Requirement already satisfied (use --upgrade to upgrade): eventlet>=0.9.17 in /home/josh/.virtualenvs/2ecb70394e37425381d48f3145a4b77e/lib/python2.7/site-packages
2013-08-12 11:02:05,442 [output] Requirement already satisfied (use --upgrade to upgrade): kombu>=1.0.4 in /home/josh/.virtualenvs/2ecb70394e37425381d48f3145a4b77e/lib/python2.7/site-packages
2013-08-12 11:02:05,442 [output] Requirement already satisfied (use --upgrade to upgrade): lxml>=2.3 in /home/josh/.virtualenvs/2ecb70394e37425381d48f3145a4b77e/lib/python2.7/site-packages
2013-08-12 11:02:05,442 [output] Requirement already satisfied (use --upgrade to upgrade): routes>=1.12.3 in /home/josh/.virtualenvs/2ecb70394e37425381d48f3145a4b77e/lib/python2.7/site-packages
2013-08-12 11:02:05,442 [output] Requirement already satisfied (use --upgrade to upgrade): WebOb==1.2.3 in /home/josh/.virtualenvs/2ecb70394e37425381d48f3145a4b77e/lib/python2.7/site-packages
2013-08-12 11:02:05,442 [output] Requirement already satisfied (use --upgrade to upgrade): greenlet>=0.3.1 in /home/josh/.virtualenvs/2ecb70394e37425381d48f3145a4b77e/lib/python2.7/site-packages
2013-08-12 11:02:05,442 [output] Requirement already satisfied (use --upgrade to upgrade): PasteDeploy>=1.5.0 in /home/josh/.virtualenvs/2ecb70394e37425381d48f3145a4b77e/lib/python2.7/site-packages
2013-08-12 11:02:05,442 [output] Requirement already satisfied (use --upgrade to upgrade): paste in /home/josh/.virtualenvs/2ecb70394e37425381d48f3145a4b77e/lib/python2.7/site-packages
2013-08-12 11:02:05,442 [output] Requirement already satisfied (use --upgrade to upgrade): sqlalchemy-migrate>=0.7.2 in /home/josh/.virtualenvs/2ecb70394e37425381d48f3145a4b77e/lib/python2.7/site-packages
2013-08-12 11:02:05,442 [output] Requirement already satisfied (use --upgrade to upgrade): netaddr>=0.7.6 in /home/josh/.virtualenvs/2ecb70394e37425381d48f3145a4b77e/lib/python2.7/site-packages
2013-08-12 11:02:05,442 [output] Requirement already satisfied (use --upgrade to upgrade): suds>=0.4 in /home/josh/.virtualenvs/2ecb70394e37425381d48f3145a4b77e/lib/python2.7/site-packages
2013-08-12 11:02:05,442 [output] Requirement already satisfied (use --upgrade to upgrade): paramiko in /home/josh/.virtualenvs/2ecb70394e37425381d48f3145a4b77e/lib/python2.7/site-packages
2013-08-12 11:02:05,442 [output] Requirement already satisfied (use --upgrade to upgrade): pyasn1 in /home/josh/.virtualenvs/2ecb70394e37425381d48f3145a4b77e/lib/python2.7/site-packages
2013-08-12 11:02:05,442 [output] Requirement already satisfied (use --upgrade to upgrade): Babel>=0.9.6 in /home/josh/.virtualenvs/2ecb70394e37425381d48f3145a4b77e/lib/python2.7/site-packages
2013-08-12 11:02:05,442 [output] Requirement already satisfied (use --upgrade to upgrade): iso8601>=0.1.4 in /home/josh/.virtualenvs/2ecb70394e37425381d48f3145a4b77e/lib/python2.7/site-packages
2013-08-12 11:02:05,442 [output] Requirement already satisfied (use --upgrade to upgrade): python-cinderclient>=1.0.1 in /home/josh/.virtualenvs/2ecb70394e37425381d48f3145a4b77e/lib/python2.7/site-packages
2013-08-12 11:02:05,442 [output] Requirement already satisfied (use --upgrade to upgrade): python-neutronclient>=2.2.3,<3.0.0 in /home/josh/.virtualenvs/2ecb70394e37425381d48f3145a4b77e/lib/python2.7/site-packages
2013-08-12 11:02:05,442 [output] Requirement already satisfied (use --upgrade to upgrade): python-glanceclient>=0.9.0 in /home/josh/.virtualenvs/2ecb70394e37425381d48f3145a4b77e/lib/python2.7/site-packages
2013-08-12 11:02:05,446 [output] Requirement already satisfied (use --upgrade to upgrade): python-keystoneclient>=0.2.0 in /home/josh/.virtualenvs/2ecb70394e37425381d48f3145a4b77e/lib/python2.7/site-packages
2013-08-12 11:02:05,446 [output] Requirement already satisfied (use --upgrade to upgrade): six in /home/josh/.virtualenvs/2ecb70394e37425381d48f3145a4b77e/lib/python2.7/site-packages
2013-08-12 11:02:05,446 [output] Requirement already satisfied (use --upgrade to upgrade): stevedore>=0.10 in /home/josh/.virtualenvs/2ecb70394e37425381d48f3145a4b77e/lib/python2.7/site-packages
2013-08-12 11:02:05,446 [output] Requirement already satisfied (use --upgrade to upgrade): websockify<0.4 in /home/josh/.virtualenvs/2ecb70394e37425381d48f3145a4b77e/lib/python2.7/site-packages
2013-08-12 11:02:05,446 [output] Requirement already satisfied (use --upgrade to upgrade): pyparsing>=1.5.7,<2.0 in /home/josh/.virtualenvs/2ecb70394e37425381d48f3145a4b77e/lib/python2.7/site-packages
2013-08-12 11:02:05,446 [output] Requirement already satisfied (use --upgrade to upgrade): oslo.config>=1.2.0a3 in /home/josh/.virtualenvs/2ecb70394e37425381d48f3145a4b77e/lib/python2.7/site-packages
2013-08-12 11:02:05,446 [output] Requirement already satisfied (use --upgrade to upgrade): distribute in /home/josh/.virtualenvs/2ecb70394e37425381d48f3145a4b77e/lib/python2.7/site-packages/distribute-0.6.34-py2.7.egg (from d2to1>=0.2.10,<0.3)
2013-08-12 11:02:05,446 [output] Requirement already satisfied (use --upgrade to upgrade): pip>=1.0 in /home/josh/.virtualenvs/2ecb70394e37425381d48f3145a4b77e/lib/python2.7/site-packages/pip-1.3.1-py2.7.egg (from pbr>=0.5.16,<0.6)
2013-08-12 11:02:05,446 [output] Requirement already satisfied (use --upgrade to upgrade): Markdown>=2.0.1 in /home/josh/.virtualenvs/2ecb70394e37425381d48f3145a4b77e/lib/python2.7/site-packages (from Cheetah>=2.4.4)
2013-08-12 11:02:05,446 [output] Requirement already satisfied (use --upgrade to upgrade): amqp>=1.0.12,<1.1.0 in /home/josh/.virtualenvs/2ecb70394e37425381d48f3145a4b77e/lib/python2.7/site-packages (from kombu>=1.0.4)
2013-08-12 11:02:05,446 [output] Requirement already satisfied (use --upgrade to upgrade): repoze.lru>=0.3 in /home/josh/.virtualenvs/2ecb70394e37425381d48f3145a4b77e/lib/python2.7/site-packages (from routes>=1.12.3)
2013-08-12 11:02:05,446 [output] Requirement already satisfied (use --upgrade to upgrade): decorator in /home/josh/.virtualenvs/2ecb70394e37425381d48f3145a4b77e/lib/python2.7/site-packages (from sqlalchemy-migrate>=0.7.2)
2013-08-12 11:02:05,446 [output] Requirement already satisfied (use --upgrade to upgrade): Tempita>=0.4 in /home/josh/.virtualenvs/2ecb70394e37425381d48f3145a4b77e/lib/python2.7/site-packages (from sqlalchemy-migrate>=0.7.2)
2013-08-12 11:02:05,446 [output] Requirement already satisfied (use --upgrade to upgrade): pycrypto>=2.1,!=2.4 in /home/josh/.virtualenvs/2ecb70394e37425381d48f3145a4b77e/lib/python2.7/site-packages (from paramiko)
2013-08-12 11:02:05,446 [output] Requirement already satisfied (use --upgrade to upgrade): pytz>=0a in /home/josh/.virtualenvs/2ecb70394e37425381d48f3145a4b77e/lib/python2.7/site-packages (from Babel>=0.9.6)
2013-08-12 11:02:05,446 [output] Requirement already satisfied (use --upgrade to upgrade): PrettyTable>=0.6,<0.8 in /home/josh/.virtualenvs/2ecb70394e37425381d48f3145a4b77e/lib/python2.7/site-packages (from python-cinderclient>=1.0.1)
2013-08-12 11:02:05,446 [output] Requirement already satisfied (use --upgrade to upgrade): requests>=1.1,<1.2.3 in /home/josh/.virtualenvs/2ecb70394e37425381d48f3145a4b77e/lib/python2.7/site-packages (from python-cinderclient>=1.0.1)
2013-08-12 11:02:05,446 [output] Requirement already satisfied (use --upgrade to upgrade): simplejson>=2.0.9 in /home/josh/.virtualenvs/2ecb70394e37425381d48f3145a4b77e/lib/python2.7/site-packages (from python-cinderclient>=1.0.1)
2013-08-12 11:02:05,446 [output] Requirement already satisfied (use --upgrade to upgrade): cliff>=1.4 in /home/josh/.virtualenvs/2ecb70394e37425381d48f3145a4b77e/lib/python2.7/site-packages (from python-neutronclient>=2.2.3,<3.0.0)
2013-08-12 11:02:05,446 [output] Requirement already satisfied (use --upgrade to upgrade): httplib2 in /home/josh/.virtualenvs/2ecb70394e37425381d48f3145a4b77e/lib/python2.7/site-packages (from python-neutronclient>=2.2.3,<3.0.0)
2013-08-12 11:02:05,446 [output] Requirement already satisfied (use --upgrade to upgrade): pyOpenSSL in /home/josh/.virtualenvs/2ecb70394e37425381d48f3145a4b77e/lib/python2.7/site-packages (from python-glanceclient>=0.9.0)
2013-08-12 11:02:05,446 [output] Requirement already satisfied (use --upgrade to upgrade): warlock>=0.7.0,<2 in /home/josh/.virtualenvs/2ecb70394e37425381d48f3145a4b77e/lib/python2.7/site-packages (from python-glanceclient>=0.9.0)
2013-08-12 11:02:05,453 [output] Requirement already satisfied (use --upgrade to upgrade): numpy in /home/josh/.virtualenvs/2ecb70394e37425381d48f3145a4b77e/lib/python2.7/site-packages (from websockify<0.4)
2013-08-12 11:02:05,453 [output] Requirement already satisfied (use --upgrade to upgrade): cmd2>=0.6.4 in /home/josh/.virtualenvs/2ecb70394e37425381d48f3145a4b77e/lib/python2.7/site-packages (from cliff>=1.4->python-neutronclient>=2.2.3,<3.0.0)
2013-08-12 11:02:05,453 [output] Requirement already satisfied (use --upgrade to upgrade): jsonschema>=0.7,<3 in /home/josh/.virtualenvs/2ecb70394e37425381d48f3145a4b77e/lib/python2.7/site-packages (from warlock>=0.7.0,<2->python-glanceclient>=0.9.0)
2013-08-12 11:02:05,454 [output] Requirement already satisfied (use --upgrade to upgrade): jsonpatch>=0.10,<2 in /home/josh/.virtualenvs/2ecb70394e37425381d48f3145a4b77e/lib/python2.7/site-packages (from warlock>=0.7.0,<2->python-glanceclient>=0.9.0)
2013-08-12 11:02:05,454 [output] Requirement already satisfied (use --upgrade to upgrade): jsonpointer>=1.0 in /home/josh/.virtualenvs/2ecb70394e37425381d48f3145a4b77e/lib/python2.7/site-packages (from jsonpatch>=0.10,<2->warlock>=0.7.0,<2->python-glanceclient>=0.9.0)
2013-08-12 11:02:05,454 [output] Cleaning up...
2013-08-12 11:02:05,593 [output] + echo '***** DB upgrade to state of patchset starts *****'
2013-08-12 11:02:05,594 [output] ***** DB upgrade to state of patchset starts *****
2013-08-12 11:02:05,594 [output] + nova-manage --config-file /home/josh/var/lib/turbo-hipster/jobs/2ecb70394e37425381d48f3145a4b77e/nova-patchset.conf db sync
2013-08-12 11:02:06,013 [output] + echo '***** DB upgrade to state of patchset finished *****'
2013-08-12 11:02:06,014 [output] ***** DB upgrade to state of patchset finished *****
2013-08-12 11:02:06,014 [output] + set +x
2013-08-12 11:02:06,016 [output] Final schema version is 206
2013-08-12 11:02:06,028 [output] Switched to branch 'master'
2013-08-12 11:02:06,030 [output] Deleted branch working (was 1fb5f20).
2013-08-12 11:02:06,030 [output] Cleaning up virtual env
2013-08-12 11:02:06,228 [output] Removing 2ecb70394e37425381d48f3145a4b77e...
2013-08-12 11:02:06,478 [output] done
2013-08-12 11:02:06,478 [script exit code = 0]
